e:\c++ projects\minesweeper\debug\vc142.pdb
e:\c++ projects\minesweeper\debug\vc142.idb
e:\c++ projects\minesweeper\debug\main.obj
e:\c++ projects\minesweeper\debug\display.obj
e:\c++ projects\minesweeper\debug\block.obj
e:\c++ projects\minesweeper\debug\minefield.obj
e:\c++ projects\minesweeper\debug\player.obj
e:\c++ projects\minesweeper\debug\minesweeper.obj
e:\c++ projects\minesweeper\debug\playspace.obj
e:\c++ projects\minesweeper\debug\minesweeper.exe
e:\c++ projects\minesweeper\debug\minesweeper.ilk
e:\c++ projects\minesweeper\debug\minesweeper.pdb
e:\c++ projects\minesweeper\debug\map.obj
e:\c++ projects\minesweeper\debug\mapgeneration.obj
e:\c++ projects\minesweeper\debug\visualizer.obj
e:\c++ projects\minesweeper\debug\minesweeper.tlog\cl.command.1.tlog
e:\c++ projects\minesweeper\debug\minesweeper.tlog\cl.read.1.tlog
e:\c++ projects\minesweeper\debug\minesweeper.tlog\cl.write.1.tlog
e:\c++ projects\minesweeper\debug\minesweeper.tlog\link.command.1.tlog
e:\c++ projects\minesweeper\debug\minesweeper.tlog\link.read.1.tlog
e:\c++ projects\minesweeper\debug\minesweeper.tlog\link.write.1.tlog
